13:07:26 INFO  : Processing command line option -hwspec /home/hirangren/Documents/Vivado/rtos/rtos.sdk/design_1_wrapper.hdf.
13:07:43 INFO  : Launching XSDB server: xsdb -s /opt/Xilinx/SDK/2014.4/scripts/xsdb/xsdb/xsdb-server.tcl 2450
13:08:52 INFO  : Saving repository preferences.
13:08:52 INFO  : Reading in cores from local repositories: 
		 /home/hirangren/Documents/Vivado/FreeRTOS_Zynq_Vivado/sw/repo
13:08:52 INFO  : Cleaning BSP projects in the workspace.
13:08:54 INFO  : Saving repository preferences.
13:09:21 ERROR :  [Hsi 55-1676] Not supported OS. It is supported only for freertos_zynq
13:11:42 INFO  : FPGA configured successfully with bitstream "/home/hirangren/Documents/Vivado/rtos/rtos.sdk/design_1_wrapper_hw_platform_0/design_1_wrapper.bit"
13:12:16 INFO  : ps7_init is completed.
13:12:16 INFO  : ps7_post_config is completed.
13:12:16 INFO  : Processor reset is completed for ps7_cortexa9_0
13:17:24 ERROR : Unexpected error while parsing XMD response ￿: com.google.gson.JsonSyntaxException: com.google.gson.stream.MalformedJsonException: invalid number or unquoted string near 
13:36:15 INFO  : Restoring local repository preferences: 
		 /home/hirangren/Documents/Vivado/FreeRTOS_Zynq_Vivado/sw/repo
13:36:20 INFO  : Processing command line option -hwspec /home/hirangren/Documents/Vivado/rtos/rtos.sdk/design_1_wrapper.hdf.
13:36:24 INFO  : Launching XSDB server: xsdb -s /opt/Xilinx/SDK/2014.4/scripts/xsdb/xsdb/xsdb-server.tcl 2450
13:36:24 INFO  : Checking for hwspec changes in the project design_1_wrapper_hw_platform_0.
13:36:54 INFO  : FPGA configured successfully with bitstream "/home/hirangren/Documents/Vivado/rtos/rtos.sdk/design_1_wrapper_hw_platform_0/design_1_wrapper.bit"
13:37:08 INFO  : ps7_init is completed.
13:37:08 INFO  : ps7_post_config is completed.
13:37:08 INFO  : Processor reset is completed for ps7_cortexa9_0
13:43:34 INFO  : ps7_init is completed.
13:43:35 INFO  : ps7_post_config is completed.
13:43:35 INFO  : Processor reset is completed for ps7_cortexa9_0
13:46:15 INFO  : FPGA configured successfully with bitstream "/home/hirangren/Documents/Vivado/rtos/rtos.sdk/design_1_wrapper_hw_platform_0/design_1_wrapper.bit"
13:46:38 INFO  : ps7_cortexa9_0 Processor is in use. Please stop existing Run or Debug sessions before launching.
13:46:53 ERROR : Unexpected error while launching program.
java.lang.RuntimeException: Error in Resetting Target

    Could not stop the processor after reset


	at com.xilinx.sdk.targetmanager.internal.TM.doProcessorReset(TM.java:991)
	at com.xilinx.sdk.debug.core.XilinxAppLaunchConfigurationDelegate.runTargetSetup(XilinxAppLaunchConfigurationDelegate.java:502)
	at com.xilinx.sdk.debug.core.XilinxAppLaunchConfigurationDelegate.debugApplication(XilinxAppLaunchConfigurationDelegate.java:669)
	at com.xilinx.sdk.debug.core.XilinxAppLaunchConfigurationDelegate.launch(XilinxAppLaunchConfigurationDelegate.java:295)
	at com.xilinx.sdk.debug.ui.XilinxAppLaunchDelegateWrapper.launch(XilinxAppLaunchDelegateWrapper.java:31)
	at org.eclipse.debug.internal.core.LaunchConfiguration.launch(LaunchConfiguration.java:858)
	at org.eclipse.debug.internal.core.LaunchConfiguration.launch(LaunchConfiguration.java:707)
	at org.eclipse.debug.internal.ui.DebugUIPlugin.buildAndLaunch(DebugUIPlugin.java:1018)
	at org.eclipse.debug.internal.ui.DebugUIPlugin$8.run(DebugUIPlugin.java:1222)
	at org.eclipse.core.internal.jobs.Worker.run(Worker.java:53)
13:47:05 INFO  : FPGA configured successfully with bitstream "/home/hirangren/Documents/Vivado/rtos/rtos.sdk/design_1_wrapper_hw_platform_0/design_1_wrapper.bit"
13:47:20 INFO  : ps7_init is completed.
13:47:20 INFO  : ps7_post_config is completed.
13:47:20 INFO  : Processor reset is completed for ps7_cortexa9_0
13:52:39 INFO  : Processor reset is completed for ps7_cortexa9_0
14:07:40 ERROR : Unexpected error while parsing XMD response ￿: com.google.gson.JsonSyntaxException: com.google.gson.stream.MalformedJsonException: invalid number or unquoted string near 
14:38:36 INFO  : Processing command line option -hwspec /home/hirangren/Documents/Vivado/fft/fft.sdk/design_1_wrapper.hdf.
14:38:39 INFO  : Restoring local repository preferences: 
		 /home/hirangren/Documents/Vivado/FreeRTOS_Zynq_Vivado/sw/repo
14:38:39 ERROR :  [Hsi 55-1593] Current Hardware Design is not set.
14:38:40 INFO  : Launching XSDB server: xsdb -s /opt/Xilinx/SDK/2014.4/scripts/xsdb/xsdb/xsdb-server.tcl 2450
14:38:44 ERROR :  [Hsi 55-1593] Current Hardware Design is not set.
14:38:50 WARN  :  [Hsi 55-1559] Software Design already exists with Name /home/hirangren/Documents/Vivado/rtos/rtos.sdk/rtos_bsp/system.mss
14:38:50 WARN  :  [Hsi 55-1559] Software Design already exists with Name /home/hirangren/Documents/Vivado/rtos/rtos.sdk/rtos_bsp/system.mss
14:38:50 WARN  :  [Hsi 55-1559] Software Design already exists with Name /home/hirangren/Documents/Vivado/rtos/rtos.sdk/rtos_bsp/system.mss
 [Hsi 55-1559] Software Design already exists with Name /home/hirangren/Documents/Vivado/rtos/rtos.sdk/rtos_bsp/system.mss
14:39:13 ERROR : Checking FPGA configuration failed..Connection to Board Failed


    Unknown Error Occured
    Cable is not connected to the host

14:39:13 ERROR : Unexpected error while launching program.
com.xilinx.sdk.targetmanager.TMException: Connection to Board Failed


    Unknown Error Occured
    Cable is not connected to the host

	at com.xilinx.sdk.targetmanager.internal.TM.isFPGAConfigured(TM.java:372)
	at com.xilinx.sdk.debug.core.XilinxAppLaunchConfigurationDelegate.isFpgaConfigured(XilinxAppLaunchConfigurationDelegate.java:378)
	at com.xilinx.sdk.debug.core.XilinxAppLaunchConfigurationDelegate.launch(XilinxAppLaunchConfigurationDelegate.java:287)
	at com.xilinx.sdk.debug.ui.XilinxAppLaunchDelegateWrapper.launch(XilinxAppLaunchDelegateWrapper.java:31)
	at org.eclipse.debug.internal.core.LaunchConfiguration.launch(LaunchConfiguration.java:858)
	at org.eclipse.debug.internal.core.LaunchConfiguration.launch(LaunchConfiguration.java:707)
	at org.eclipse.debug.internal.ui.DebugUIPlugin.buildAndLaunch(DebugUIPlugin.java:1018)
	at org.eclipse.debug.internal.ui.DebugUIPlugin$8.run(DebugUIPlugin.java:1222)
	at org.eclipse.core.internal.jobs.Worker.run(Worker.java:53)
14:39:36 INFO  : FPGA configured successfully with bitstream "/home/hirangren/Documents/Vivado/fft/fft.sdk/design_1_wrapper_hw_platform_0/design_1_wrapper.bit"
14:39:39 WARN  :  [Hsi 55-1559] Software Design already exists with Name /home/hirangren/Documents/Vivado/rtos/rtos.sdk/rtos_bsp/system.mss
14:39:39 WARN  :  [Hsi 55-1559] Software Design already exists with Name /home/hirangren/Documents/Vivado/rtos/rtos.sdk/rtos_bsp/system.mss
14:39:39 WARN  :  [Hsi 55-1559] Software Design already exists with Name /home/hirangren/Documents/Vivado/rtos/rtos.sdk/rtos_bsp/system.mss
14:39:39 WARN  :  [Hsi 55-1559] Software Design already exists with Name /home/hirangren/Documents/Vivado/rtos/rtos.sdk/rtos_bsp/system.mss
 [Hsi 55-1559] Software Design already exists with Name /home/hirangren/Documents/Vivado/rtos/rtos.sdk/rtos_bsp/system.mss
14:39:52 INFO  : ps7_init is completed.
14:39:52 INFO  : ps7_post_config is completed.
14:39:53 INFO  : Processor reset is completed for ps7_cortexa9_0
16:29:13 ERROR : Unexpected error while parsing XMD response ￿: com.google.gson.JsonSyntaxException: com.google.gson.stream.MalformedJsonException: invalid number or unquoted string near 
